<?xml version="1.0" encoding="UTF-8"?>
<!-- Generated by org.testng.reporters.JUnitReportReporter -->
<testsuite hostname="LAPTOP-DQD95K2K" failures="0" tests="1" name="demo.SampleTest" time="0.016" errors="0" timestamp="2025-10-11T14:35:48 IST" skipped="0">
  <testcase classname="demo.SampleTest" name="launch" time="0.016">
    <system-out>
      <![CDATA[sample test is executed]]>
    </system-out>
  </testcase> <!-- launch -->
  <system-out>
    <![CDATA[sample test is executed]]>
  </system-out>
</testsuite> <!-- demo.SampleTest -->
