<?xml version="1.0" encoding="UTF-8"?>
<testng-results ignored="0" total="1" passed="1" failed="0" skipped="0">
  <reporter-output>
  </reporter-output>
  <suite started-at="2025-10-12T15:06:04 IST" name="Default suite" finished-at="2025-10-12T15:06:09 IST" duration-ms="5230">
    <groups>
    </groups>
    <test started-at="2025-10-12T15:06:04 IST" name="Default test" finished-at="2025-10-12T15:06:09 IST" duration-ms="5230">
      <class name="extentreports.ToLearnAddingSreenshot">
        <test-method signature="addScreenshot()[pri:0, instance:extentreports.ToLearnAddingSreenshot@18078bef]" started-at="2025-10-12T15:06:04 IST" name="addScreenshot" finished-at="2025-10-12T15:06:09 IST" duration-ms="5184" status="PASS">
          <reporter-output>
          </reporter-output>
        </test-method> <!-- addScreenshot -->
      </class> <!-- extentreports.ToLearnAddingSreenshot -->
    </test> <!-- Default test -->
  </suite> <!-- Default suite -->
</testng-results>
